Release 14.7 - xst P.20131013 (nt64)
Copyright (c) 1995-2013 Xilinx, Inc.  All rights reserved.
--> Parameter TMPDIR set to xst/projnav.tmp


Total REAL time to Xst completion: 0.00 secs
Total CPU time to Xst completion: 0.22 secs
 
--> Parameter xsthdpdir set to xst


Total REAL time to Xst completion: 0.00 secs
Total CPU time to Xst completion: 0.22 secs
 
--> Reading design: Experimento1.prj

TABLE OF CONTENTS
  1) Synthesis Options Summary
  2) HDL Compilation
  3) Design Hierarchy Analysis
  4) HDL Analysis
  5) HDL Synthesis
     5.1) HDL Synthesis Report
  6) Advanced HDL Synthesis
     6.1) Advanced HDL Synthesis Report
  7) Low Level Synthesis
  8) Partition Report
  9) Final Report
	9.1) Device utilization summary
	9.2) Partition Resource Summary
	9.3) TIMING REPORT


=========================================================================
*                      Synthesis Options Summary                        *
=========================================================================
---- Source Parameters
Input File Name                    : "Experimento1.prj"
Input Format                       : mixed
Ignore Synthesis Constraint File   : NO

---- Target Parameters
Output File Name                   : "Experimento1"
Output Format                      : NGC
Target Device                      : xc3s500e-4-fg320

---- Source Options
Top Module Name                    : Experimento1
Automatic FSM Extraction           : YES
FSM Encoding Algorithm             : Auto
Safe Implementation                : No
FSM Style                          : LUT
RAM Extraction                     : Yes
RAM Style                          : Auto
ROM Extraction                     : Yes
Mux Style                          : Auto
Decoder Extraction                 : YES
Priority Encoder Extraction        : Yes
Shift Register Extraction          : YES
Logical Shifter Extraction         : YES
XOR Collapsing                     : YES
ROM Style                          : Auto
Mux Extraction                     : Yes
Resource Sharing                   : YES
Asynchronous To Synchronous        : NO
Multiplier Style                   : Auto
Automatic Register Balancing       : No

---- Target Options
Add IO Buffers                     : YES
Global Maximum Fanout              : 100000
Add Generic Clock Buffer(BUFG)     : 24
Register Duplication               : YES
Slice Packing                      : YES
Optimize Instantiated Primitives   : NO
Use Clock Enable                   : Yes
Use Synchronous Set                : Yes
Use Synchronous Reset              : Yes
Pack IO Registers into IOBs        : Auto
Equivalent register Removal        : YES

---- General Options
Optimization Goal                  : Speed
Optimization Effort                : 1
Keep Hierarchy                     : No
Netlist Hierarchy                  : As_Optimized
RTL Output                         : Yes
Global Optimization                : AllClockNets
Read Cores                         : YES
Write Timing Constraints           : NO
Cross Clock Analysis               : NO
Hierarchy Separator                : /
Bus Delimiter                      : <>
Case Specifier                     : Maintain
Slice Utilization Ratio            : 100
BRAM Utilization Ratio             : 100
Verilog 2001                       : YES
Auto BRAM Packing                  : NO
Slice Utilization Ratio Delta      : 5

=========================================================================


=========================================================================
*                          HDL Compilation                              *
=========================================================================
Compiling vhdl file "C:/Users/Propietario/Desktop/DLP/CircuitoSecuencial/Experimento1.vhd" in Library work.
Entity <experimento1> compiled.
Entity <Experimento1> (Architecture <arch>) compiled.

=========================================================================
*                     Design Hierarchy Analysis                         *
=========================================================================
Analyzing hierarchy for entity <Experimento1> in library <work> (architecture <arch>).


=========================================================================
*                            HDL Analysis                               *
=========================================================================
Analyzing Entity <Experimento1> in library <work> (Architecture <arch>).
INFO:Xst:1561 - "C:/Users/Propietario/Desktop/DLP/CircuitoSecuencial/Experimento1.vhd" line 66: Mux is complete : default of case is discarded
INFO:Xst:1561 - "C:/Users/Propietario/Desktop/DLP/CircuitoSecuencial/Experimento1.vhd" line 89: Mux is complete : default of case is discarded
INFO:Xst:1561 - "C:/Users/Propietario/Desktop/DLP/CircuitoSecuencial/Experimento1.vhd" line 100: Mux is complete : default of case is discarded
Entity <Experimento1> analyzed. Unit <Experimento1> generated.


=========================================================================
*                           HDL Synthesis                               *
=========================================================================

Performing bidirectional port resolution...

Synthesizing Unit <Experimento1>.
    Related source file is "C:/Users/Propietario/Desktop/DLP/CircuitoSecuencial/Experimento1.vhd".
WARNING:Xst:647 - Input <x<15:11>> is never used. This port will be preserved and left unconnected if it belongs to a top-level block or it belongs to a sub-block and the hierarchy of this sub-block is preserved.
    Found 4-bit 4-to-1 multiplexer for signal <digito>.
    Found 1-of-4 decoder for signal <anodo>.
    Found 20-bit up counter for signal <cont>.
    Summary:
	inferred   1 Counter(s).
	inferred   4 Multiplexer(s).
	inferred   1 Decoder(s).
Unit <Experimento1> synthesized.


=========================================================================
HDL Synthesis Report

Macro Statistics
# Counters                                             : 1
 20-bit up counter                                     : 1
# Multiplexers                                         : 1
 4-bit 4-to-1 multiplexer                              : 1
# Decoders                                             : 1
 1-of-4 decoder                                        : 1

=========================================================================

=========================================================================
*                       Advanced HDL Synthesis                          *
=========================================================================


=========================================================================
Advanced HDL Synthesis Report

Macro Statistics
# Counters                                             : 1
 20-bit up counter                                     : 1
# Multiplexers                                         : 1
 4-bit 4-to-1 multiplexer                              : 1
# Decoders                                             : 1
 1-of-4 decoder                                        : 1

=========================================================================

=========================================================================
*                         Low Level Synthesis                           *
=========================================================================

Optimizing unit <Experimento1> ...

Mapping all equations...
Building and optimizing final netlist ...
Found area constraint ratio of 100 (+ 5) on block Experimento1, actual ratio is 0.

Final Macro Processing ...

=========================================================================
Final Register Report

Macro Statistics
# Registers                                            : 20
 Flip-Flops                                            : 20

=========================================================================

=========================================================================
*                           Partition Report                            *
=========================================================================

Partition Implementation Status
-------------------------------

  No Partitions were found in this design.

-------------------------------

=========================================================================
*                            Final Report                               *
=========================================================================
Final Results
RTL Top Level Output File Name     : Experimento1.ngr
Top Level Output File Name         : Experimento1
Output Format                      : NGC
Optimization Goal                  : Speed
Keep Hierarchy                     : No

Design Statistics
# IOs                              : 35

Cell Usage :
# BELS                             : 86
#      GND                         : 1
#      INV                         : 1
#      LUT1                        : 19
#      LUT2                        : 2
#      LUT3                        : 7
#      LUT4                        : 12
#      MUXCY                       : 19
#      MUXF5                       : 4
#      VCC                         : 1
#      XORCY                       : 20
# FlipFlops/Latches                : 20
#      FD                          : 20
# Clock Buffers                    : 1
#      BUFGP                       : 1
# IO Buffers                       : 29
#      IBUF                        : 12
#      OBUF                        : 17
=========================================================================

Device utilization summary:
---------------------------

Selected Device : 3s500efg320-4 

 Number of Slices:                       21  out of   4656     0%  
 Number of Slice Flip Flops:             20  out of   9312     0%  
 Number of 4 input LUTs:                 41  out of   9312     0%  
 Number of IOs:                          35
 Number of bonded IOBs:                  30  out of    232    12%  
 Number of GCLKs:                         1  out of     24     4%  

---------------------------
Partition Resource Summary:
---------------------------

  No Partitions were found in this design.

---------------------------


=========================================================================
TIMING REPORT

NOTE: THESE TIMING NUMBERS ARE ONLY A SYNTHESIS ESTIMATE.
      FOR ACCURATE TIMING INFORMATION PLEASE REFER TO THE TRACE REPORT
      GENERATED AFTER PLACE-and-ROUTE.

Clock Information:
------------------
-----------------------------------+------------------------+-------+
Clock Signal                       | Clock buffer(FF name)  | Load  |
-----------------------------------+------------------------+-------+
mclk                               | BUFGP                  | 20    |
-----------------------------------+------------------------+-------+

Asynchronous Control Signals Information:
----------------------------------------
No asynchronous control signals found in this design

Timing Summary:
---------------
Speed Grade: -4

   Minimum period: 4.469ns (Maximum Frequency: 223.764MHz)
   Minimum input arrival time before clock: No path found
   Maximum output required time after clock: 9.350ns
   Maximum combinational path delay: 10.117ns

Timing Detail:
--------------
All values displayed in nanoseconds (ns)

=========================================================================
Timing constraint: Default period analysis for Clock 'mclk'
  Clock period: 4.469ns (frequency: 223.764MHz)
  Total number of paths / destination ports: 210 / 20
-------------------------------------------------------------------------
Delay:               4.469ns (Levels of Logic = 20)
  Source:            cont_1 (FF)
  Destination:       cont_19 (FF)
  Source Clock:      mclk rising
  Destination Clock: mclk rising

  Data Path: cont_1 to cont_19
                                Gate     Net
    Cell:in->out      fanout   Delay   Delay  Logical Name (Net Name)
    ----------------------------------------  ------------
     FD:C->Q               1   0.591   0.595  cont_1 (cont_1)
     LUT1:I0->O            1   0.704   0.000  Mcount_cont_cy<1>_rt (Mcount_cont_cy<1>_rt)
     MUXCY:S->O            1   0.464   0.000  Mcount_cont_cy<1> (Mcount_cont_cy<1>)
     MUXCY:CI->O           1   0.059   0.000  Mcount_cont_cy<2> (Mcount_cont_cy<2>)
     MUXCY:CI->O           1   0.059   0.000  Mcount_cont_cy<3> (Mcount_cont_cy<3>)
     MUXCY:CI->O           1   0.059   0.000  Mcount_cont_cy<4> (Mcount_cont_cy<4>)
     MUXCY:CI->O           1   0.059   0.000  Mcount_cont_cy<5> (Mcount_cont_cy<5>)
     MUXCY:CI->O           1   0.059   0.000  Mcount_cont_cy<6> (Mcount_cont_cy<6>)
     MUXCY:CI->O           1   0.059   0.000  Mcount_cont_cy<7> (Mcount_cont_cy<7>)
     MUXCY:CI->O           1   0.059   0.000  Mcount_cont_cy<8> (Mcount_cont_cy<8>)
     MUXCY:CI->O           1   0.059   0.000  Mcount_cont_cy<9> (Mcount_cont_cy<9>)
     MUXCY:CI->O           1   0.059   0.000  Mcount_cont_cy<10> (Mcount_cont_cy<10>)
     MUXCY:CI->O           1   0.059   0.000  Mcount_cont_cy<11> (Mcount_cont_cy<11>)
     MUXCY:CI->O           1   0.059   0.000  Mcount_cont_cy<12> (Mcount_cont_cy<12>)
     MUXCY:CI->O           1   0.059   0.000  Mcount_cont_cy<13> (Mcount_cont_cy<13>)
     MUXCY:CI->O           1   0.059   0.000  Mcount_cont_cy<14> (Mcount_cont_cy<14>)
     MUXCY:CI->O           1   0.059   0.000  Mcount_cont_cy<15> (Mcount_cont_cy<15>)
     MUXCY:CI->O           1   0.059   0.000  Mcount_cont_cy<16> (Mcount_cont_cy<16>)
     MUXCY:CI->O           1   0.059   0.000  Mcount_cont_cy<17> (Mcount_cont_cy<17>)
     MUXCY:CI->O           0   0.059   0.000  Mcount_cont_cy<18> (Mcount_cont_cy<18>)
     XORCY:CI->O           1   0.804   0.000  Mcount_cont_xor<19> (Result<19>)
     FD:D                      0.308          cont_19
    ----------------------------------------
    Total                      4.469ns (3.874ns logic, 0.595ns route)
                                       (86.7% logic, 13.3% route)

=========================================================================
Timing constraint: Default OFFSET OUT AFTER for Clock 'mclk'
  Total number of paths / destination ports: 134 / 17
-------------------------------------------------------------------------
Offset:              9.350ns (Levels of Logic = 5)
  Source:            cont_19 (FF)
  Destination:       a_g<2> (PAD)
  Source Clock:      mclk rising

  Data Path: cont_19 to a_g<2>
                                Gate     Net
    Cell:in->out      fanout   Delay   Delay  Logical Name (Net Name)
    ----------------------------------------  ------------
     FD:C->Q              12   0.591   0.996  cont_19 (cont_19)
     LUT3:I2->O            3   0.704   0.706  Mdecod_anodo31 (anodo_3_OBUF)
     LUT4:I0->O            1   0.704   0.000  Mmux_digito81 (Mmux_digito8)
     MUXF5:I1->O           8   0.321   0.932  Mmux_digito8_f5 (digito_3_OBUF)
     LUT3:I0->O            1   0.704   0.420  a_g_2_and00001 (a_g_2_OBUF)
     OBUF:I->O                 3.272          a_g_2_OBUF (a_g<2>)
    ----------------------------------------
    Total                      9.350ns (6.296ns logic, 3.054ns route)
                                       (67.3% logic, 32.7% route)

=========================================================================
Timing constraint: Default path analysis
  Total number of paths / destination ports: 199 / 17
-------------------------------------------------------------------------
Delay:               10.117ns (Levels of Logic = 6)
  Source:            clr (PAD)
  Destination:       a_g<2> (PAD)

  Data Path: clr to a_g<2>
                                Gate     Net
    Cell:in->out      fanout   Delay   Delay  Logical Name (Net Name)
    ----------------------------------------  ------------
     IBUF:I->O            12   1.218   1.136  clr_IBUF (clr_IBUF)
     LUT2:I0->O            3   0.704   0.706  s<0>1 (s_0_OBUF)
     LUT4:I0->O            1   0.704   0.000  Mmux_digito82 (Mmux_digito81)
     MUXF5:I0->O           8   0.321   0.932  Mmux_digito8_f5 (digito_3_OBUF)
     LUT3:I0->O            1   0.704   0.420  a_g_2_and00001 (a_g_2_OBUF)
     OBUF:I->O                 3.272          a_g_2_OBUF (a_g<2>)
    ----------------------------------------
    Total                     10.117ns (6.923ns logic, 3.194ns route)
                                       (68.4% logic, 31.6% route)

=========================================================================


Total REAL time to Xst completion: 5.00 secs
Total CPU time to Xst completion: 5.89 secs
 
--> 

Total memory usage is 4487276 kilobytes

Number of errors   :    0 (   0 filtered)
Number of warnings :    1 (   0 filtered)
Number of infos    :    3 (   0 filtered)

