--------------------------------------------------------------------------------
Release 14.7 Trace  (nt64)
Copyright (c) 1995-2013 Xilinx, Inc.  All rights reserved.

C:\Xilinx\14.7\ISE_DS\ISE\bin\nt64\unwrapped\trce.exe -intstyle ise -v 3 -s 4
-n 3 -fastpaths -xml Experimento1.twx Experimento1.ncd -o Experimento1.twr
Experimento1.pcf -ucf PinOut.ucf

Design file:              Experimento1.ncd
Physical constraint file: Experimento1.pcf
Device,package,speed:     xc3s500e,fg320,-4 (PRODUCTION 1.27 2013-10-13)
Report level:             verbose report

Environment Variable      Effect 
--------------------      ------ 
NONE                      No environment variables were set
--------------------------------------------------------------------------------

INFO:Timing:2698 - No timing constraints found, doing default enumeration.
INFO:Timing:3412 - To improve timing, see the Timing Closure User Guide (UG612).
INFO:Timing:2752 - To get complete path coverage, use the unconstrained paths 
   option. All paths that are not constrained will be reported in the 
   unconstrained paths section(s) of the report.
INFO:Timing:3339 - The clock-to-out numbers in this timing report are based on 
   a 50 Ohm transmission line loading model.  For the details of this model, 
   and for more information on accounting for different loading conditions, 
   please see the device datasheet.
INFO:Timing:3390 - This architecture does not support a default System Jitter 
   value, please add SYSTEM_JITTER constraint to the UCF to modify the Clock 
   Uncertainty calculation.
INFO:Timing:3389 - This architecture does not support 'Discrete Jitter' and 
   'Phase Error' calculations, these terms will be zero in the Clock 
   Uncertainty calculation.  Please make appropriate modification to 
   SYSTEM_JITTER to account for the unsupported Discrete Jitter and Phase 
   Error.



Data Sheet report:
-----------------
All values displayed in nanoseconds (ns)

Clock mclk to Pad
------------+------------+------------------+--------+
            | clk (edge) |                  | Clock  |
Destination |   to PAD   |Internal Clock(s) | Phase  |
------------+------------+------------------+--------+
a_g<0>      |   15.014(R)|mclk_BUFGP        |   0.000|
a_g<1>      |   14.616(R)|mclk_BUFGP        |   0.000|
a_g<2>      |   14.366(R)|mclk_BUFGP        |   0.000|
a_g<3>      |   14.325(R)|mclk_BUFGP        |   0.000|
a_g<4>      |   14.402(R)|mclk_BUFGP        |   0.000|
a_g<5>      |   14.982(R)|mclk_BUFGP        |   0.000|
a_g<6>      |   14.196(R)|mclk_BUFGP        |   0.000|
anodo<0>    |   10.175(R)|mclk_BUFGP        |   0.000|
anodo<1>    |   10.744(R)|mclk_BUFGP        |   0.000|
anodo<2>    |   10.657(R)|mclk_BUFGP        |   0.000|
anodo<3>    |   10.228(R)|mclk_BUFGP        |   0.000|
digito<0>   |   11.183(R)|mclk_BUFGP        |   0.000|
digito<1>   |   12.802(R)|mclk_BUFGP        |   0.000|
digito<2>   |   11.524(R)|mclk_BUFGP        |   0.000|
digito<3>   |   12.727(R)|mclk_BUFGP        |   0.000|
s<0>        |   10.429(R)|mclk_BUFGP        |   0.000|
s<1>        |   10.527(R)|mclk_BUFGP        |   0.000|
------------+------------+------------------+--------+

Clock to Setup on destination clock mclk
---------------+---------+---------+---------+---------+
               | Src:Rise| Src:Fall| Src:Rise| Src:Fall|
Source Clock   |Dest:Rise|Dest:Rise|Dest:Fall|Dest:Fall|
---------------+---------+---------+---------+---------+
mclk           |    4.063|         |         |         |
---------------+---------+---------+---------+---------+

Pad to Pad
---------------+---------------+---------+
Source Pad     |Destination Pad|  Delay  |
---------------+---------------+---------+
clr            |a_g<0>         |   12.110|
clr            |a_g<1>         |   11.712|
clr            |a_g<2>         |   11.462|
clr            |a_g<3>         |   11.421|
clr            |a_g<4>         |   11.498|
clr            |a_g<5>         |   12.078|
clr            |a_g<6>         |   11.292|
clr            |anodo<0>       |    6.689|
clr            |anodo<1>       |    7.278|
clr            |anodo<2>       |    7.499|
clr            |anodo<3>       |    7.324|
clr            |digito<0>      |    7.467|
clr            |digito<1>      |    9.238|
clr            |digito<2>      |    8.309|
clr            |digito<3>      |    9.823|
clr            |s<0>           |    7.278|
clr            |s<1>           |    7.479|
x<0>           |a_g<0>         |    9.664|
x<0>           |a_g<1>         |    9.326|
x<0>           |a_g<5>         |    9.747|
x<0>           |a_g<6>         |    9.228|
x<0>           |digito<0>      |    7.524|
x<1>           |a_g<0>         |   10.099|
x<1>           |a_g<1>         |    9.766|
x<1>           |a_g<2>         |    9.892|
x<1>           |a_g<3>         |    9.889|
x<1>           |a_g<4>         |    9.987|
x<1>           |a_g<5>         |    9.652|
x<1>           |a_g<6>         |    9.013|
x<1>           |digito<1>      |    8.875|
x<2>           |a_g<0>         |    9.875|
x<2>           |a_g<1>         |    9.502|
x<2>           |a_g<2>         |    9.933|
x<2>           |a_g<3>         |    9.957|
x<2>           |a_g<4>         |   10.194|
x<2>           |a_g<5>         |   10.162|
x<2>           |a_g<6>         |    9.454|
x<2>           |digito<2>      |    8.058|
x<3>           |a_g<0>         |   11.307|
x<3>           |a_g<1>         |   10.909|
x<3>           |a_g<2>         |   10.659|
x<3>           |a_g<3>         |   10.618|
x<3>           |a_g<4>         |   10.695|
x<3>           |a_g<5>         |   11.275|
x<3>           |a_g<6>         |   10.489|
x<3>           |digito<3>      |    9.020|
x<4>           |a_g<0>         |    8.436|
x<4>           |a_g<1>         |    8.098|
x<4>           |a_g<5>         |    8.519|
x<4>           |a_g<6>         |    8.000|
x<4>           |digito<0>      |    6.296|
x<5>           |a_g<0>         |    8.998|
x<5>           |a_g<1>         |    8.665|
x<5>           |a_g<2>         |    8.791|
x<5>           |a_g<3>         |    8.788|
x<5>           |a_g<4>         |    8.886|
x<5>           |a_g<5>         |    8.551|
x<5>           |a_g<6>         |    7.912|
x<5>           |digito<1>      |    7.774|
x<6>           |a_g<0>         |    8.807|
x<6>           |a_g<1>         |    8.434|
x<6>           |a_g<2>         |    8.865|
x<6>           |a_g<3>         |    8.889|
x<6>           |a_g<4>         |    9.126|
x<6>           |a_g<5>         |    9.094|
x<6>           |a_g<6>         |    8.386|
x<6>           |digito<2>      |    6.990|
x<7>           |a_g<0>         |   10.061|
x<7>           |a_g<1>         |    9.663|
x<7>           |a_g<2>         |    9.413|
x<7>           |a_g<3>         |    9.372|
x<7>           |a_g<4>         |    9.449|
x<7>           |a_g<5>         |   10.029|
x<7>           |a_g<6>         |    9.243|
x<7>           |digito<3>      |    7.774|
x<8>           |a_g<0>         |   10.166|
x<8>           |a_g<1>         |    9.833|
x<8>           |a_g<2>         |    9.959|
x<8>           |a_g<3>         |    9.956|
x<8>           |a_g<4>         |   10.054|
x<8>           |a_g<5>         |    9.719|
x<8>           |a_g<6>         |    9.080|
x<8>           |digito<1>      |    8.942|
x<9>           |a_g<0>         |    9.043|
x<9>           |a_g<1>         |    8.670|
x<9>           |a_g<2>         |    9.101|
x<9>           |a_g<3>         |    9.125|
x<9>           |a_g<4>         |    9.362|
x<9>           |a_g<5>         |    9.330|
x<9>           |a_g<6>         |    8.622|
x<9>           |digito<2>      |    7.226|
x<10>          |a_g<0>         |    9.100|
x<10>          |a_g<1>         |    8.702|
x<10>          |a_g<2>         |    8.452|
x<10>          |a_g<3>         |    8.411|
x<10>          |a_g<4>         |    8.488|
x<10>          |a_g<5>         |    9.068|
x<10>          |a_g<6>         |    8.282|
x<10>          |digito<3>      |    6.813|
---------------+---------------+---------+


Analysis completed Fri Mar 01 23:40:20 2019 
--------------------------------------------------------------------------------

Trace Settings:
-------------------------
Trace Settings 

Peak Memory Usage: 4507 MB



